<?xml version="1.0" encoding="utf-8"?><testsuites><testsuite errors="0" failures="0" hostname="57bc5a195e74" name="pytest" skipped="0" tests="36" time="1.478" timestamp="2021-01-21T03:32:57.024540"><testcase classname="test_actionqueue" file="test_actionqueue.py" line="12" name="test_DPActionQueue" time="0.004"></testcase><testcase classname="test_config" file="test_config.py" line="20" name="test_DPManageConfigObject" time="0.004"></testcase><testcase classname="test_dp_diff" file="test_dp_diff.py" line="19" name="test_get_changes_valcred_1" time="0.006"></testcase><testcase classname="test_dp_diff" file="test_dp_diff.py" line="73" name="test_get_changes_valcred_array_to_array_with_diff_order_but_same_elements" time="0.009"></testcase><testcase classname="test_dp_diff" file="test_dp_diff.py" line="122" name="test_get_changes_aaa_policy" time="0.008"></testcase><testcase classname="test_filestore.TestDPFileStore" file="test_filestore.py" line="17" name="test_DPFileStore_state_is_absent" time="0.006"></testcase><testcase classname="test_dp_diff" file="test_dp_diff.py" line="137" name="test_get_patched_dict_valcred_2" time="0.008"></testcase><testcase classname="test_dp_diff" file="test_dp_diff.py" line="129" name="test_is_changed" time="0.012"></testcase><testcase classname="test_filestore.TestDPFileStore" file="test_filestore.py" line="27" name="test_build_params_validate_file_content_from_rel_path" time="0.008"></testcase><testcase classname="test_filestore.TestDPFileStore" file="test_filestore.py" line="100" name="test_DPFileStore_set_file_init_dest_root" time="0.009"></testcase><testcase classname="test_filestore.TestDPFileStore" file="test_filestore.py" line="55" name="test_build_params_validate_content_passed_as_str" time="0.008"></testcase><testcase classname="test_filestore.TestDPFileStore" file="test_filestore.py" line="39" name="test_isBase64" time="0.005"></testcase><testcase classname="test_filestore.TestDPFileStore" file="test_filestore.py" line="113" name="test_DPFileStore_set_filepath_dest_is_dir" time="0.009"></testcase><testcase classname="test_filestore.TestDPFileStore" file="test_filestore.py" line="67" name="test_build_params_validate_content_passed_as_all_methods_are_equivalent" time="0.009"></testcase><testcase classname="test_filestore.TestDPFileStore" file="test_filestore.py" line="125" name="test_DPFileStore_set_filepath_dest_is_file" time="0.008"></testcase><testcase classname="test_filestore.TestDPFileStore" file="test_filestore.py" line="42" name="test_build_params_validate_content_passed_as_base64" time="0.014"></testcase><testcase classname="test_filestore.TestDPFileStore" file="test_filestore.py" line="138" name="test_DPFileStore_state_is_dir_dest" time="0.014"></testcase><testcase classname="test_filestore.TestDPFileStore" file="test_filestore.py" line="210" name="test_DPFileStore_root_dir" time="0.014"></testcase><testcase classname="test_filestore.TestDPFileStore" file="test_filestore.py" line="170" name="test_DPFileStore_files" time="0.015"></testcase><testcase classname="test_filestore.TestDPFileStore" file="test_filestore.py" line="151" name="test_DPFileStore_dirs" time="0.006"></testcase><testcase classname="test_request_handlers" file="test_request_handlers.py" line="12" name="test_action_process_request" time="0.009"></testcase><testcase classname="test_requests" file="test_requests.py" line="42" name="test_DPFileStoreRequest_get_body" time="0.005"></testcase><testcase classname="test_requests" file="test_requests.py" line="31" name="test_DPFileStoreRequest_del_req" time="0.005"></testcase><testcase classname="test_requests" file="test_requests.py" line="81" name="test_DPFileStoreRequest_check_for_dir_req" time="0.006"></testcase><testcase classname="test_requests" file="test_requests.py" line="50" name="test_DPFileStoreRequest_get_dir_reqs" time="0.007"></testcase><testcase classname="test_requests" file="test_requests.py" line="145" name="test_DPFileStoreRequest_get_file_req_dest_is_file" time="0.007"></testcase><testcase classname="test_requests" file="test_requests.py" line="125" name="test_DPFileStoreRequest_get_file_req" time="0.007"></testcase><testcase classname="test_requests" file="test_requests.py" line="107" name="test_DPFileStoreRequest_get_file_req_root_dest" time="0.007"></testcase><testcase classname="test_requests" file="test_requests.py" line="93" name="test_DPFileStoreRequest_get_file_reqs" time="0.012"></testcase><testcase classname="test_requests" file="test_requests.py" line="224" name="test_DPManageConfigRequest_min" time="0.005"></testcase><testcase classname="test_requests" file="test_requests.py" line="200" name="test_DPManageConfigRequest_mod_args" time="0.005"></testcase><testcase classname="test_requests" file="test_requests.py" line="180" name="test_DPActionQueueRequest_2" time="0.005"></testcase><testcase classname="test_requests" file="test_requests.py" line="164" name="test_DPActionQueueRequest_1" time="0.006"></testcase><testcase classname="test_requests" file="test_requests.py" line="241" name="test_DPManageConfigRequest_w_name" time="0.005"></testcase><testcase classname="test_requests" file="test_requests.py" line="270" name="test_DPGetConfigRequest_1" time="0.005"></testcase><testcase classname="test_requests" file="test_requests.py" line="255" name="test_DPManageConfigRequest_invalid_class" time="0.005"></testcase></testsuite></testsuites>