<?xml version="1.0" encoding="utf-8"?><testsuites><testsuite errors="0" failures="0" hostname="ea21cc120ab0" name="pytest" skipped="0" tests="6" time="1.692" timestamp="2020-12-07T04:43:37.377532"><testcase classname="test_obj_build" file="test_obj_build.py" line="18" name="test_DPApplyConfig" time="0.005"></testcase><testcase classname="test_obj_build" file="test_obj_build.py" line="37" name="test_DPManageConfigRequest_w_field" time="0.005"></testcase><testcase classname="test_obj_build" file="test_obj_build.py" line="57" name="test_DPManageConfigRequest_min" time="0.005"></testcase><testcase classname="test_obj_build" file="test_obj_build.py" line="75" name="test_DPManageConfigRequest_w_name" time="0.003"></testcase><testcase classname="test_obj_build" file="test_obj_build.py" line="92" name="test_DPManageConfigRequest_invalid_class" time="0.006"></testcase><testcase classname="test_obj_build" file="test_obj_build.py" line="111" name="test_DPGetConfigRequest" time="0.005"></testcase></testsuite></testsuites>