<?xml version="1.0" encoding="utf-8"?><testsuites><testsuite errors="0" failures="0" hostname="d51db7e8cb1f" name="pytest" skipped="0" tests="33" time="1.444" timestamp="2021-01-06T20:28:07.714058"><testcase classname="test_config" file="test_config.py" line="20" name="test_DPManageConfigObject" time="0.004"></testcase><testcase classname="test_actionqueue" file="test_actionqueue.py" line="12" name="test_DPActionQueue" time="0.004"></testcase><testcase classname="test_dp_diff" file="test_dp_diff.py" line="19" name="test_get_changes_valcred_1" time="0.006"></testcase><testcase classname="test_dp_diff" file="test_dp_diff.py" line="73" name="test_get_changes_valcred_array_to_array_with_diff_order_but_same_elements" time="0.006"></testcase><testcase classname="test_dp_diff" file="test_dp_diff.py" line="137" name="test_get_patched_dict_valcred_2" time="0.008"></testcase><testcase classname="test_filestore.TestDPFileStore" file="test_filestore.py" line="17" name="test_build_params_validate_file_dest_root" time="0.007"></testcase><testcase classname="test_dp_diff" file="test_dp_diff.py" line="122" name="test_get_changes_aaa_policy" time="0.011"></testcase><testcase classname="test_dp_diff" file="test_dp_diff.py" line="129" name="test_is_changed" time="0.014"></testcase><testcase classname="test_filestore.TestDPFileStore" file="test_filestore.py" line="29" name="test_build_params_validate_file_dest" time="0.008"></testcase><testcase classname="test_filestore.TestDPFileStore" file="test_filestore.py" line="65" name="test_isBase64" time="0.006"></testcase><testcase classname="test_filestore.TestDPFileStore" file="test_filestore.py" line="68" name="test_build_params_validate_content_passed_as_base64" time="0.007"></testcase><testcase classname="test_filestore.TestDPFileStore" file="test_filestore.py" line="53" name="test_build_params_validate_file_name_from_rel_path" time="0.013"></testcase><testcase classname="test_filestore.TestDPFileStore" file="test_filestore.py" line="41" name="test_build_params_validate_file_content_from_rel_path" time="0.006"></testcase><testcase classname="test_filestore.TestDPFileStore" file="test_filestore.py" line="81" name="test_build_params_validate_content_passed_as_str" time="0.008"></testcase><testcase classname="test_filestore.TestDPFileStore" file="test_filestore.py" line="93" name="test_build_params_validate_content_passed_as_all_methods_are_equivalent" time="0.007"></testcase><testcase classname="test_filestore.TestDPFileStore" file="test_filestore.py" line="126" name="test_DPFileStore_dest" time="0.010"></testcase><testcase classname="test_filestore.TestDPFileStore" file="test_filestore.py" line="138" name="test_DPFileStore_dirs" time="0.007"></testcase><testcase classname="test_filestore.TestDPFileStore" file="test_filestore.py" line="197" name="test_DPFileStore_root_dir" time="0.006"></testcase><testcase classname="test_filestore.TestDPFileStore" file="test_filestore.py" line="157" name="test_DPFileStore_files" time="0.010"></testcase><testcase classname="test_request_handlers" file="test_request_handlers.py" line="12" name="test_action_process_request" time="0.007"></testcase><testcase classname="test_requests" file="test_requests.py" line="31" name="test_DPFileStoreRequest_get_body" time="0.015"></testcase><testcase classname="test_requests" file="test_requests.py" line="39" name="test_DPFileStoreRequest_get_dir_reqs" time="0.010"></testcase><testcase classname="test_requests" file="test_requests.py" line="70" name="test_DPFileStoreRequest_check_for_dir_req" time="0.008"></testcase><testcase classname="test_requests" file="test_requests.py" line="82" name="test_DPFileStoreRequest_get_file_reqs" time="0.021"></testcase><testcase classname="test_requests" file="test_requests.py" line="95" name="test_DPFileStoreRequest_get_file_req_root_dest" time="0.006"></testcase><testcase classname="test_requests" file="test_requests.py" line="112" name="test_DPFileStoreRequest_get_file_req" time="0.005"></testcase><testcase classname="test_requests" file="test_requests.py" line="130" name="test_DPActionQueueRequest_1" time="0.005"></testcase><testcase classname="test_requests" file="test_requests.py" line="146" name="test_DPActionQueueRequest_2" time="0.005"></testcase><testcase classname="test_requests" file="test_requests.py" line="166" name="test_DPManageConfigRequest_mod_args" time="0.007"></testcase><testcase classname="test_requests" file="test_requests.py" line="207" name="test_DPManageConfigRequest_w_name" time="0.005"></testcase><testcase classname="test_requests" file="test_requests.py" line="190" name="test_DPManageConfigRequest_min" time="0.006"></testcase><testcase classname="test_requests" file="test_requests.py" line="221" name="test_DPManageConfigRequest_invalid_class" time="0.005"></testcase><testcase classname="test_requests" file="test_requests.py" line="236" name="test_DPGetConfigRequest_1" time="0.005"></testcase></testsuite></testsuites>