<?xml version="1.0" encoding="utf-8"?><testsuites><testsuite errors="0" failures="0" hostname="73ee2f42d240" name="pytest" skipped="0" tests="19" time="1.669" timestamp="2020-12-11T22:27:38.806555"><testcase classname="test_config_diff" file="test_config_diff.py" line="111" name="test_config_diff_mismatch_objects" time="0.005"></testcase><testcase classname="test_config_diff" file="test_config_diff.py" line="67" name="test_dp_valcred_state" time="0.004"></testcase><testcase classname="test_config_diff" file="test_config_diff.py" line="12" name="test_config_diff_basic" time="0.004"></testcase><testcase classname="test_config_diff" file="test_config_diff.py" line="38" name="test_config_diff_dict_to_list" time="0.005"></testcase><testcase classname="test_dp_mgmt_conf" file="test_dp_mgmt_conf.py" line="40" name="test_DPManageConfigObject_schema" time="0.004"></testcase><testcase classname="test_dp_change" file="test_dp_change.py" line="77" name="test_dp_valcred_state" time="0.004"></testcase><testcase classname="test_dp_mgmt_conf" file="test_dp_mgmt_conf.py" line="51" name="test_DPManageConfigObject_schema_get_prop" time="0.005"></testcase><testcase classname="test_dp_mgmt_conf" file="test_dp_mgmt_conf.py" line="20" name="test_DPManageConfigObject" time="0.005"></testcase><testcase classname="test_requests" file="test_requests.py" line="42" name="test_DPManageConfigRequest_min" time="0.007"></testcase><testcase classname="test_requests" file="test_requests.py" line="59" name="test_DPManageConfigRequest_w_name" time="0.008"></testcase><testcase classname="test_requests" file="test_requests.py" line="73" name="test_DPManageConfigRequest_schema_array_1" time="0.006"></testcase><testcase classname="test_requests" file="test_requests.py" line="95" name="test_DPManageConfigRequest_schema_array_2" time="0.007"></testcase><testcase classname="test_requests" file="test_requests.py" line="136" name="test_DPManageConfigRequest_schema_not_array_1" time="0.010"></testcase><testcase classname="test_requests" file="test_requests.py" line="156" name="test_DPManageConfigRequest_schema_not_array_2" time="0.005"></testcase><testcase classname="test_requests" file="test_requests.py" line="170" name="test_DPManageConfigRequest_schema_not_array_3" time="0.007"></testcase><testcase classname="test_requests" file="test_requests.py" line="116" name="test_DPManageConfigRequest_schema_array_3" time="0.007"></testcase><testcase classname="test_requests" file="test_requests.py" line="208" name="test_DPManageConfigRequest_invalid_class" time="0.005"></testcase><testcase classname="test_requests" file="test_requests.py" line="187" name="test_DPManageConfigRequest_schema_not_array_4" time="0.009"></testcase><testcase classname="test_requests" file="test_requests.py" line="224" name="test_DPGetConfigRequest_1" time="0.006"></testcase></testsuite></testsuites>